<?xml version="1.0" encoding="UTF-8"?>
<testng-results skipped="0" failed="0" ignored="0" total="1" passed="1">
  <reporter-output>
  </reporter-output>
  <suite name="Suite" duration-ms="252" started-at="2020-09-03T18:46:18Z" finished-at="2020-09-03T18:46:18Z">
    <groups>
    </groups>
    <test name="Test" duration-ms="252" started-at="2020-09-03T18:46:18Z" finished-at="2020-09-03T18:46:18Z">
      <class name="quick.Arr.Ar">
        <test-method status="PASS" signature="lisa()[pri:0, instance:quick.Arr.Ar@6ee12bac]" name="lisa" duration-ms="65" started-at="2020-09-04T00:16:18Z" finished-at="2020-09-04T00:16:18Z">
          <reporter-output>
          </reporter-output>
        </test-method> <!-- lisa -->
      </class> <!-- quick.Arr.Ar -->
    </test> <!-- Test -->
  </suite> <!-- Suite -->
</testng-results>
