<?xml version="1.0" encoding="UTF-8"?>
<testng-results skipped="0" failed="0" ignored="0" total="1" passed="1">
  <reporter-output>
  </reporter-output>
  <suite name="Default suite" duration-ms="37284" started-at="2020-07-28T13:40:27Z" finished-at="2020-07-28T13:41:05Z">
    <groups>
    </groups>
    <test name="Default test" duration-ms="37284" started-at="2020-07-28T13:40:27Z" finished-at="2020-07-28T13:41:05Z">
      <class name="quick.Arr.Ar">
        <test-method status="PASS" signature="lisa()[pri:0, instance:quick.Arr.Ar@3ec300f1]" name="lisa" duration-ms="37062" started-at="2020-07-28T19:10:28Z" finished-at="2020-07-28T19:11:05Z">
          <reporter-output>
          </reporter-output>
        </test-method> <!-- lisa -->
      </class> <!-- quick.Arr.Ar -->
    </test> <!-- Default test -->
  </suite> <!-- Default suite -->
</testng-results>
